<?xml version="1.0" encoding="UTF-8" ?>
<testsuite tests="1" failures="0" name="MyTest" time="0.245" errors="0" skipped="0">
  <properties>
    <property name="java.runtime.name" value="Java(TM) SE Runtime Environment"/>
    <property name="sun.boot.library.path" value="D:\DevelopmentEnvironment\JAVA\JDK8\jre\bin"/>
    <property name="java.vm.version" value="25.231-b11"/>
    <property name="java.vm.vendor" value="Oracle Corporation"/>
    <property name="maven.multiModuleProjectDirectory" value="D:\Project\JavaSE\com.zhao.spring\spring-03-howtocreateaobject"/>
    <property name="java.vendor.url" value="http://java.oracle.com/"/>
    <property name="path.separator" value=";"/>
    <property name="guice.disable.misplaced.annotation.check" value="true"/>
    <property name="java.vm.name" value="Java HotSpot(TM) 64-Bit Server VM"/>
    <property name="file.encoding.pkg" value="sun.io"/>
    <property name="user.script" value=""/>
    <property name="user.country" value="CN"/>
    <property name="sun.java.launcher" value="SUN_STANDARD"/>
    <property name="sun.os.patch.level" value=""/>
    <property name="java.vm.specification.name" value="Java Virtual Machine Specification"/>
    <property name="user.dir" value="D:\Project\JavaSE\com.zhao.spring\spring-03-howtocreateaobject"/>
    <property name="java.runtime.version" value="1.8.0_231-b11"/>
    <property name="java.awt.graphicsenv" value="sun.awt.Win32GraphicsEnvironment"/>
    <property name="java.endorsed.dirs" value="D:\DevelopmentEnvironment\JAVA\JDK8\jre\lib\endorsed"/>
    <property name="os.arch" value="amd64"/>
    <property name="java.io.tmpdir" value="C:\Users\NOBLEG~1\AppData\Local\Temp\"/>
    <property name="line.separator" value="
"/>
    <property name="java.vm.specification.vendor" value="Oracle Corporation"/>
    <property name="user.variant" value=""/>
    <property name="os.name" value="Windows 10"/>
    <property name="idea.version2020.1" value="true"/>
    <property name="maven.ext.class.path" value="D:\DevelopmentEnvironment\IDEA\IntelliJ IDEA 2020.1\plugins\maven\lib\maven-event-listener.jar"/>
    <property name="classworlds.conf" value="D:\DevelopmentEnvironment\Maven\apache-maven-3.6.3\bin\m2.conf"/>
    <property name="sun.jnu.encoding" value="GBK"/>
    <property name="java.library.path" value="D:\DevelopmentEnvironment\JAVA\JDK8\bin;C:\Windows\Sun\Java\bin;C:\Windows\system32;C:\Windows;C:\Program Files (x86)\Razer Chroma SDK\bin;C:\Program Files\Razer Chroma SDK\bin;G:\Tools\VMware\bin\;D:\DevelopmentEnvironment\Oracle\Oracle11gR2\app\noblegasesgoo\product\11.2.0\dbhome_1\bin;C:\Program Files (x86)\Common Files\Oracle\Java\javapath;C:\Program Files (x86)\Razer\ChromaBroadcast\bin;C:\Program Files\Razer\ChromaBroadcast\bin;C:\Windows\system32;C:\Windows;C:\Windows\System32\Wbem;C:\Windows\System32\WindowsPowerShell\v1.0\;C:\Windows\System32\OpenSSH\;C:\Program Files (x86)\NVIDIA Corporation\PhysX\Common;C:\Program Files\NVIDIA Corporation\NVIDIA NvDLISR;C:\Windows\system32\config\systemprofile\AppData\Local\Microsoft\WindowsApps;D:\DevelopmentEnvironment\JAVA\JDK8\bin;D:\DevelopmentEnvironment\JAVA\JDK8\jre\bin;D:\DevelopmentEnvironment\Tomcat\apache-tomcat-9.0.39\bin;D:\DevelopmentEnvironment\Tomcat\apache-tomcat-9.0.39\lib;D:\DevelopmentEnvironment\Maven\apache-maven-3.6.3\bin;D:\DevelopmentEnvironment\MySQL\bin;D:\DevelopmentEnvironment\Git\Git\cmd;C:\Users\noblegasesgoo\AppData\Local\Microsoft\WindowsApps;C:\Users\noblegasesgoo\AppData\Local\Microsoft\WindowsApps;;."/>
    <property name="maven.conf" value="D:\DevelopmentEnvironment\Maven\apache-maven-3.6.3/conf"/>
    <property name="java.specification.name" value="Java Platform API Specification"/>
    <property name="java.class.version" value="52.0"/>
    <property name="sun.management.compiler" value="HotSpot 64-Bit Tiered Compilers"/>
    <property name="maven.repo.local" value="D:\DevelopmentEnvironment\Maven\repository"/>
    <property name="os.version" value="10.0"/>
    <property name="user.home" value="C:\Users\noblegasesgoo"/>
    <property name="user.timezone" value="Asia/Shanghai"/>
    <property name="java.awt.printerjob" value="sun.awt.windows.WPrinterJob"/>
    <property name="java.specification.version" value="1.8"/>
    <property name="file.encoding" value="UTF-8"/>
    <property name="user.name" value="noblegasesgoo"/>
    <property name="java.class.path" value="D:\DevelopmentEnvironment\Maven\apache-maven-3.6.3\boot\plexus-classworlds-2.6.0.jar;D:\DevelopmentEnvironment\Maven\apache-maven-3.6.3\boot\plexus-classworlds.license"/>
    <property name="java.vm.specification.version" value="1.8"/>
    <property name="sun.arch.data.model" value="64"/>
    <property name="java.home" value="D:\DevelopmentEnvironment\JAVA\JDK8\jre"/>
    <property name="sun.java.command" value="org.codehaus.classworlds.Launcher -Didea.version2020.1 -s D:\DevelopmentEnvironment\Maven\apache-maven-3.6.3\conf\settings.xml -Dmaven.repo.local=D:\DevelopmentEnvironment\Maven\repository install"/>
    <property name="java.specification.vendor" value="Oracle Corporation"/>
    <property name="user.language" value="zh"/>
    <property name="awt.toolkit" value="sun.awt.windows.WToolkit"/>
    <property name="java.vm.info" value="mixed mode"/>
    <property name="java.version" value="1.8.0_231"/>
    <property name="java.ext.dirs" value="D:\DevelopmentEnvironment\JAVA\JDK8\jre\lib\ext;C:\Windows\Sun\Java\lib\ext"/>
    <property name="sun.boot.class.path" value="D:\DevelopmentEnvironment\JAVA\JDK8\jre\lib\resources.jar;D:\DevelopmentEnvironment\JAVA\JDK8\jre\lib\rt.jar;D:\DevelopmentEnvironment\JAVA\JDK8\jre\lib\sunrsasign.jar;D:\DevelopmentEnvironment\JAVA\JDK8\jre\lib\jsse.jar;D:\DevelopmentEnvironment\JAVA\JDK8\jre\lib\jce.jar;D:\DevelopmentEnvironment\JAVA\JDK8\jre\lib\charsets.jar;D:\DevelopmentEnvironment\JAVA\JDK8\jre\lib\jfr.jar;D:\DevelopmentEnvironment\JAVA\JDK8\jre\classes"/>
    <property name="java.vendor" value="Oracle Corporation"/>
    <property name="maven.home" value="D:\DevelopmentEnvironment\Maven\apache-maven-3.6.3"/>
    <property name="file.separator" value="\"/>
    <property name="java.vendor.url.bug" value="http://bugreport.sun.com/bugreport/"/>
    <property name="sun.cpu.endian" value="little"/>
    <property name="sun.io.unicode.encoding" value="UnicodeLittle"/>
    <property name="sun.desktop" value="windows"/>
    <property name="sun.cpu.isalist" value="amd64"/>
  </properties>
  <testcase classname="MyTest" name="testWhereAreTheObjectFrom" time="0.245"/>
</testsuite>